# JRE version: OpenJDK Runtime Environment (25.0.1+8) (build 25.0.1+8-27)
# Java VM: OpenJDK 64-Bit Server VM (25.0.1+8-27, mixed mode, sharing, tiered, compressed oops, compressed class ptrs, g1 gc, windows-amd64)
GC Precious Log:
 CardTable entry size: 512
 Card Set container configuration: InlinePtr #cards 4 size 8 Array Of Cards #cards 32 size 80 Howl #buckets 8 coarsen threshold 7372 Howl Bitmap #cards 1024 size 144 coarsen threshold 921 Card regions per heap region 1 cards per card region 8192
 CPUs: 24 total, 24 available
 Memory: 32557M
 Large Page Support: Disabled
 NUMA Support: Disabled
 Compressed Oops: Enabled (Zero based)
 Heap Region Size: 4M
 Heap Min Capacity: 8M
 Heap Initial Capacity: 512M
 Heap Max Capacity: 8140M
 Pre-touch: Disabled
 Parallel Workers: 18
 Concurrent Workers: 5
 Concurrent Refinement Workers: 18
 Periodic GC: Disabled
Heap:
 garbage-first heap   total reserved 8335360K, committed 86016K, used 41841K [0x0000000603400000, 0x0000000800000000)
  region size 4096K, 7 young (28672K), 2 survivors (8192K)
GC Heap Usage History (14 events):
Event: 0.611 {heap Before GC invocations=0 (full 0):
 garbage-first heap   total reserved 8335360K, committed 528384K, used 50323K [0x0000000603400000, 0x0000000800000000)
  region size 4096K, 12 young (49152K), 0 survivors (0K)
}
Event: 0.613 {heap After GC invocations=1 (full 0):
 garbage-first heap   total reserved 8335360K, committed 528384K, used 9963K [0x0000000603400000, 0x0000000800000000)
  region size 4096K, 2 young (8192K), 2 survivors (8192K)
}
Event: 1.093 {heap Before GC invocations=1 (full 0):
 garbage-first heap   total reserved 8335360K, committed 528384K, used 55019K [0x0000000603400000, 0x0000000800000000)
  region size 4096K, 14 young (57344K), 2 survivors (8192K)
}
Event: 1.097 {heap After GC invocations=2 (full 0):
 garbage-first heap   total reserved 8335360K, committed 528384K, used 13180K [0x0000000603400000, 0x0000000800000000)
  region size 4096K, 3 young (12288K), 3 survivors (12288K)
}
Event: 1.345 {heap Before GC invocations=3 (full 0):
 garbage-first heap   total reserved 8335360K, committed 69632K, used 62332K [0x0000000603400000, 0x0000000800000000)
  region size 4096K, 15 young (61440K), 3 survivors (12288K)
}
Event: 1.351 {heap After GC invocations=4 (full 0):
 garbage-first heap   total reserved 8335360K, committed 86016K, used 21920K [0x0000000603400000, 0x0000000800000000)
  region size 4096K, 4 young (16384K), 4 survivors (16384K)
}
Event: 1.470 {heap Before GC invocations=4 (full 0):
 garbage-first heap   total reserved 8335360K, committed 86016K, used 54688K [0x0000000603400000, 0x0000000800000000)
  region size 4096K, 12 young (49152K), 4 survivors (16384K)
}
Event: 1.475 {heap After GC invocations=5 (full 0):
 garbage-first heap   total reserved 8335360K, committed 86016K, used 20274K [0x0000000603400000, 0x0000000800000000)
  region size 4096K, 2 young (8192K), 2 survivors (8192K)
}
Event: 1.559 {heap Before GC invocations=5 (full 0):
 garbage-first heap   total reserved 8335360K, committed 86016K, used 32562K [0x0000000603400000, 0x0000000800000000)
  region size 4096K, 6 young (24576K), 2 survivors (8192K)
}
Event: 1.561 {heap After GC invocations=6 (full 0):
 garbage-first heap   total reserved 8335360K, committed 86016K, used 21590K [0x0000000603400000, 0x0000000800000000)
  region size 4096K, 1 young (4096K), 1 survivors (4096K)
}
Event: 2.030 {heap Before GC invocations=7 (full 0):
 garbage-first heap   total reserved 8335360K, committed 86016K, used 58454K [0x0000000603400000, 0x0000000800000000)
  region size 4096K, 10 young (40960K), 1 survivors (4096K)
}
Event: 2.033 {heap After GC invocations=8 (full 0):
 garbage-first heap   total reserved 8335360K, committed 86016K, used 22439K [0x0000000603400000, 0x0000000800000000)
  region size 4096K, 2 young (8192K), 2 survivors (8192K)
}
Event: 2.478 {heap Before GC invocations=8 (full 0):
 garbage-first heap   total reserved 8335360K, committed 86016K, used 59303K [0x0000000603400000, 0x0000000800000000)
  region size 4096K, 11 young (45056K), 2 survivors (8192K)
}
Event: 2.484 {heap After GC invocations=9 (full 0):
 garbage-first heap   total reserved 8335360K, committed 86016K, used 25457K [0x0000000603400000, 0x0000000800000000)
  region size 4096K, 2 young (8192K), 2 survivors (8192K)
}

